#
# A fatal error has been detected by the Java Runtime Environment:
#
#  EXCEPTION_ACCESS_VIOLATION (0xc0000005) at pc=0x0000000062e2a6a5, pid=177304, tid=144544
#
# JRE version: Java(TM) SE Runtime Environment (8.0_31-b13) (build 1.8.0_31-b13)
# Java VM: Java HotSpot(TM) 64-Bit Server VM (25.31-b07 mixed mode windows-amd64 compressed oops)
# Problematic frame:
# V  [jvm.dll+0x11a6a5]
#
# Failed to write core dump. Minidumps are not enabled by default on client versions of Windows
#
# If you would like to submit a bug report, please visit:
#   http://bugreport.java.com/bugreport/crash.jsp
#

---------------  T H R E A D  ---------------

Current thread (0x0000000027db6000):  JavaThread "JDWP Transport Listener: dt_socket" daemon [_thread_in_vm, id=144544, stack(0x0000000029330000,0x0000000029430000)]

siginfo: ExceptionCode=0xc0000005, reading address 0x00000000000083b0

Registers:
RAX=0x000000002942f501, RBX=0x0000000027db6000, RCX=0x00000000000083b0, RDX=0x0000000000000000
RSP=0x000000002942f580, RBP=0x00000000000083b0, RSI=0x000000002942f698, RDI=0x0000000002d99b70
R8 =0x0000000027db6000, R9 =0x0000000000000001, R10=0x0000000000008000, R11=0x000000002942f4d0
R12=0x0000000000000000, R13=0x0000000027da8448, R14=0x0000000000000000, R15=0x0000000000000000
RIP=0x0000000062e2a6a5, EFLAGS=0x0000000000010202

Top of Stack: (sp=0x000000002942f580)
0x000000002942f580:   0000000027db6000 0000000027db6000
0x000000002942f590:   000000002942f648 0000000063027c1b
0x000000002942f5a0:   0000000027db6000 000000006304447d
0x000000002942f5b0:   0000000000000000 00000000636f9149
0x000000002942f5c0:   0000000027e38a30 0000000063702912
0x000000002942f5d0:   0000000027db6000 0000000000000000
0x000000002942f5e0:   0000000000000000 0000000000000000
0x000000002942f5f0:   00000000000083b0 0000000063701a09
0x000000002942f600:   000000002942f698 000000002942f670
0x000000002942f610:   0000000000000001 0000000027e38a30
0x000000002942f620:   00000000000083b0 00000000636e53b3
0x000000002942f630:   000000002942f760 0000000000000001
0x000000002942f640:   0000000000000001 0000000027e38a30
0x000000002942f650:   000000000000000a 0000000000000000
0x000000002942f660:   0000000000000000 0000000000000000
0x000000002942f670:   0000000000000001 00000000636e5571 

Instructions: (pc=0x0000000062e2a6a5)
0x0000000062e2a685:   cc cc cc cc cc cc cc cc cc cc cc 48 83 ec 28 48
0x0000000062e2a695:   85 c9 75 07 33 c0 48 83 c4 28 c3 48 89 5c 24 20
0x0000000062e2a6a5:   48 8b 19 48 85 db 74 20 48 83 fb 37 74 1a 48 8b
0x0000000062e2a6b5:   13 48 8b cb ff 52 10 84 c0 74 0d 48 8b c3 48 8b 


Register to memory mapping:

RAX=0x000000002942f501 is pointing into the stack for thread: 0x0000000027db6000
RBX=0x0000000027db6000 is a thread
RCX=0x00000000000083b0 is an unknown value
RDX=0x0000000000000000 is an unknown value
RSP=0x000000002942f580 is pointing into the stack for thread: 0x0000000027db6000
RBP=0x00000000000083b0 is an unknown value
RSI=0x000000002942f698 is pointing into the stack for thread: 0x0000000027db6000
RDI=0x0000000002d99b70 is an unknown value
R8 =0x0000000027db6000 is a thread
R9 =0x0000000000000001 is an unknown value
R10=0x0000000000008000 is an unknown value
R11=0x000000002942f4d0 is pointing into the stack for thread: 0x0000000027db6000
R12=0x0000000000000000 is an unknown value
R13=0x0000000027da8448 is an unknown value
R14=0x0000000000000000 is an unknown value
R15=0x0000000000000000 is an unknown value


Stack: [0x0000000029330000,0x0000000029430000],  sp=0x000000002942f580,  free space=1021k
Native frames: (J=compiled Java code, j=interpreted, Vv=VM code, C=native code)
V  [jvm.dll+0x11a6a5]
V  [jvm.dll+0x33447d]
C  [jdwp.dll+0x21a09]
C  [jdwp.dll+0x53b3]
C  [jdwp.dll+0x5571]
C  [jdwp.dll+0xf09c]
C  [jdwp.dll+0x1f2c9]
C  [jdwp.dll+0x1f49e]
V  [jvm.dll+0x1ac128]
V  [jvm.dll+0x22c194]
V  [jvm.dll+0x28576a]
C  [msvcr100.dll+0x21d9f]
C  [msvcr100.dll+0x21e3b]
C  [KERNEL32.DLL+0x17bd4]
C  [ntdll.dll+0x6ce51]


---------------  P R O C E S S  ---------------

Java Threads: ( => current thread )
  0x0000000027f4f000 JavaThread "Service Thread" daemon [_thread_blocked, id=33040, stack(0x0000000029a30000,0x0000000029b30000)]
  0x0000000027e6f800 JavaThread "C1 CompilerThread3" daemon [_thread_blocked, id=97512, stack(0x0000000029930000,0x0000000029a30000)]
  0x0000000027e6a800 JavaThread "C2 CompilerThread2" daemon [_thread_blocked, id=131044, stack(0x0000000029830000,0x0000000029930000)]
  0x0000000027e6a000 JavaThread "C2 CompilerThread1" daemon [_thread_blocked, id=40740, stack(0x0000000029730000,0x0000000029830000)]
  0x0000000027e69000 JavaThread "C2 CompilerThread0" daemon [_thread_blocked, id=112180, stack(0x0000000029630000,0x0000000029730000)]
  0x0000000027dc5000 JavaThread "JDWP Command Reader" daemon [_thread_in_native, id=171888, stack(0x0000000029530000,0x0000000029630000)]
  0x0000000027dc3000 JavaThread "JDWP Event Helper Thread" daemon [_thread_blocked, id=162476, stack(0x0000000029430000,0x0000000029530000)]
=>0x0000000027db6000 JavaThread "JDWP Transport Listener: dt_socket" daemon [_thread_in_vm, id=144544, stack(0x0000000029330000,0x0000000029430000)]
  0x0000000027d5c800 JavaThread "Attach Listener" daemon [_thread_blocked, id=33236, stack(0x00000000291b0000,0x00000000292b0000)]
  0x0000000027d5c000 JavaThread "Signal Dispatcher" daemon [_thread_blocked, id=46428, stack(0x00000000290b0000,0x00000000291b0000)]
  0x00000000034b6000 JavaThread "Finalizer" daemon [_thread_blocked, id=149416, stack(0x0000000028fb0000,0x00000000290b0000)]
  0x000000002664b800 JavaThread "Reference Handler" daemon [_thread_blocked, id=56868, stack(0x0000000028eb0000,0x0000000028fb0000)]
  0x0000000002d9e800 JavaThread "main" [_thread_blocked, id=139296, stack(0x0000000003170000,0x0000000003270000)]

Other Threads:
  0x0000000026645800 VMThread [stack: 0x0000000028db0000,0x0000000028eb0000] [id=39136]
  0x0000000027e3a000 WatcherThread [stack: 0x0000000029b30000,0x0000000029c30000] [id=168000]

VM state:not at safepoint (normal execution)

VM Mutex/Monitor currently owned by a thread: None

Heap:
 PSYoungGen      total 152576K, used 13134K [0x0000000716300000, 0x0000000720d00000, 0x00000007c0000000)
  eden space 131072K, 10% used [0x0000000716300000,0x0000000716fd3910,0x000000071e300000)
  from space 21504K, 0% used [0x000000071f800000,0x000000071f800000,0x0000000720d00000)
  to   space 21504K, 0% used [0x000000071e300000,0x000000071e300000,0x000000071f800000)
 ParOldGen       total 348160K, used 0K [0x00000005c2800000, 0x00000005d7c00000, 0x0000000716300000)
  object space 348160K, 0% used [0x00000005c2800000,0x00000005c2800000,0x00000005d7c00000)
 Metaspace       used 4779K, capacity 5056K, committed 5248K, reserved 1056768K
  class space    used 532K, capacity 560K, committed 640K, reserved 1048576K

Card table byte_map: [0x0000000012880000,0x0000000013870000] byte_map_base: 0x000000000fa6c000

Marking Bits: (ParMarkBitMap*) 0x00000000634ed4f0
 Begin Bits: [0x0000000014d10000, 0x000000001cc70000)
 End Bits:   [0x000000001cc70000, 0x0000000024bd0000)

Polling page: 0x0000000000f10000

CodeCache: size=245760Kb used=1470Kb max_used=1470Kb free=244289Kb
 bounds [0x00000000034c0000, 0x0000000003730000, 0x00000000124c0000]
 total_blobs=440 nmethods=184 adapters=178
 compilation: enabled

Compilation events (10 events):
Event: 0.320 Thread 0x0000000027e6f800  180       3       java.util.concurrent.ConcurrentHashMap::addCount (292 bytes)
Event: 0.321 Thread 0x0000000027e6f800 nmethod 180 0x000000000362d0d0 code [0x000000000362d2e0, 0x000000000362dec8]
Event: 144.349 Thread 0x0000000027e6f800  182       3       java.lang.AbstractStringBuilder::append (29 bytes)
Event: 144.349 Thread 0x0000000027e6f800 nmethod 182 0x000000000362e310 code [0x000000000362e480, 0x000000000362e7a8]
Event: 185.242 Thread 0x0000000027e6f800  183       3       java.util.ArrayList::get (11 bytes)
Event: 185.242 Thread 0x0000000027e6f800 nmethod 183 0x000000000362e910 code [0x000000000362eaa0, 0x000000000362ee98]
Event: 185.242 Thread 0x0000000027e6f800  184       3       java.util.ArrayList::rangeCheck (22 bytes)
Event: 185.242 Thread 0x0000000027e6f800 nmethod 184 0x000000000362f110 code [0x000000000362f320, 0x000000000362fdf8]
Event: 185.257 Thread 0x0000000027e6f800  185  s    3       java.lang.StringBuffer::toString (36 bytes)
Event: 185.258 Thread 0x0000000027e6f800 nmethod 185 0x00000000036303d0 code [0x0000000003630560, 0x0000000003630a08]

GC Heap History (0 events):
No events

Deoptimization events (0 events):
No events

Internal exceptions (10 events):
Event: 0.309 Thread 0x0000000002d9e800 Exception <a 'java/security/PrivilegedActionException'> (0x0000000716f252c8) thrown at [C:\workspace\8-2-build-windows-amd64-cygwin\jdk8u31\2394\hotspot\src\share\vm\prims\jvm.cpp, line 1312]
Event: 0.311 Thread 0x0000000002d9e800 Exception <a 'java/security/PrivilegedActionException'> (0x0000000716f42668) thrown at [C:\workspace\8-2-build-windows-amd64-cygwin\jdk8u31\2394\hotspot\src\share\vm\prims\jvm.cpp, line 1312]
Event: 0.312 Thread 0x0000000002d9e800 Exception <a 'java/security/PrivilegedActionException'> (0x0000000716f46350) thrown at [C:\workspace\8-2-build-windows-amd64-cygwin\jdk8u31\2394\hotspot\src\share\vm\prims\jvm.cpp, line 1312]
Event: 0.312 Thread 0x0000000002d9e800 Exception <a 'java/security/PrivilegedActionException'> (0x0000000716f49f58) thrown at [C:\workspace\8-2-build-windows-amd64-cygwin\jdk8u31\2394\hotspot\src\share\vm\prims\jvm.cpp, line 1312]
Event: 0.313 Thread 0x0000000002d9e800 Exception <a 'java/security/PrivilegedActionException'> (0x0000000716f4e908) thrown at [C:\workspace\8-2-build-windows-amd64-cygwin\jdk8u31\2394\hotspot\src\share\vm\prims\jvm.cpp, line 1312]
Event: 0.313 Thread 0x0000000002d9e800 Exception <a 'java/security/PrivilegedActionException'> (0x0000000716f536d0) thrown at [C:\workspace\8-2-build-windows-amd64-cygwin\jdk8u31\2394\hotspot\src\share\vm\prims\jvm.cpp, line 1312]
Event: 0.313 Thread 0x0000000002d9e800 Exception <a 'java/security/PrivilegedActionException'> (0x0000000716f58220) thrown at [C:\workspace\8-2-build-windows-amd64-cygwin\jdk8u31\2394\hotspot\src\share\vm\prims\jvm.cpp, line 1312]
Event: 0.317 Thread 0x0000000002d9e800 Exception <a 'java/security/PrivilegedActionException'> (0x0000000716f69db8) thrown at [C:\workspace\8-2-build-windows-amd64-cygwin\jdk8u31\2394\hotspot\src\share\vm\prims\jvm.cpp, line 1312]
Event: 0.318 Thread 0x0000000002d9e800 Exception <a 'java/security/PrivilegedActionException'> (0x0000000716f71918) thrown at [C:\workspace\8-2-build-windows-amd64-cygwin\jdk8u31\2394\hotspot\src\share\vm\prims\jvm.cpp, line 1312]
Event: 416.838 Thread 0x0000000027db6000 Exception <a 'java/security/PrivilegedActionException'> (0x0000000716820318) thrown at [C:\workspace\8-2-build-windows-amd64-cygwin\jdk8u31\2394\hotspot\src\share\vm\prims\jvm.cpp, line 1312]

Events (10 events):
Event: 416.838 Executing VM operation: RevokeBias
Event: 416.838 Executing VM operation: RevokeBias done
Event: 416.838 Thread 0x0000000027db6000 DEOPT PACKING pc=0x0000000003619e24 sp=0x000000002942cbb0
Event: 416.838 Thread 0x0000000027db6000 DEOPT UNPACKING pc=0x00000000035075bf sp=0x000000002942c9d0 mode 1
Event: 416.838 Executing VM operation: RevokeBias
Event: 416.838 Executing VM operation: RevokeBias done
Event: 416.838 Thread 0x0000000027db6000 DEOPT PACKING pc=0x0000000003619bbc sp=0x000000002942cd40
Event: 416.838 Thread 0x0000000027db6000 DEOPT UNPACKING pc=0x00000000035075bf sp=0x000000002942cb78 mode 1
Event: 416.839 Executing VM operation: RedefineClasses
Event: 416.839 Executing VM operation: RedefineClasses done


Dynamic libraries:
0x00007ff7982c0000 - 0x00007ff7982f4000 	D:\devtool\jdk1.8\bin\java.exe
0x00007ffd71b40000 - 0x00007ffd71d30000 	C:\Windows\SYSTEM32\ntdll.dll
0x00007ffd71590000 - 0x00007ffd71642000 	C:\Windows\System32\KERNEL32.DLL
0x00007ffd6f430000 - 0x00007ffd6f6d3000 	C:\Windows\System32\KERNELBASE.dll
0x00007ffd714e0000 - 0x00007ffd71583000 	C:\Windows\System32\ADVAPI32.dll
0x00007ffd71890000 - 0x00007ffd7192e000 	C:\Windows\System32\msvcrt.dll
0x00007ffd6fc70000 - 0x00007ffd6fd07000 	C:\Windows\System32\sechost.dll
0x00007ffd71150000 - 0x00007ffd71270000 	C:\Windows\System32\RPCRT4.dll
0x00007ffd71930000 - 0x00007ffd71ac4000 	C:\Windows\System32\USER32.dll
0x00007ffd6ead0000 - 0x00007ffd6eaf1000 	C:\Windows\System32\win32u.dll
0x00007ffd70670000 - 0x00007ffd70696000 	C:\Windows\System32\GDI32.dll
0x00007ffd6fa50000 - 0x00007ffd6fbe4000 	C:\Windows\System32\gdi32full.dll
0x00007ffd6f8b0000 - 0x00007ffd6f94e000 	C:\Windows\System32\msvcp_win.dll
0x00007ffd6f950000 - 0x00007ffd6fa4a000 	C:\Windows\System32\ucrtbase.dll
0x00007ffd5b040000 - 0x00007ffd5b2c5000 	C:\Windows\WinSxS\amd64_microsoft.windows.common-controls_6595b64144ccf1df_6.0.18362.778_none_e6c6b761130d4fb8\COMCTL32.dll
0x00007ffd70860000 - 0x00007ffd70b96000 	C:\Windows\System32\combase.dll
0x00007ffd6eb00000 - 0x00007ffd6eb80000 	C:\Windows\System32\bcryptPrimitives.dll
0x00007ffd71ad0000 - 0x00007ffd71afe000 	C:\Windows\System32\IMM32.DLL
0x0000000063570000 - 0x0000000063642000 	D:\devtool\jdk1.8\jre\bin\msvcr100.dll
0x0000000062d10000 - 0x000000006356a000 	D:\devtool\jdk1.8\jre\bin\server\jvm.dll
0x00007ffd6fd90000 - 0x00007ffd6fd98000 	C:\Windows\System32\PSAPI.DLL
0x00007ffd5beb0000 - 0x00007ffd5beb9000 	C:\Windows\SYSTEM32\WSOCK32.dll
0x00007ffd6ca50000 - 0x00007ffd6ca74000 	C:\Windows\SYSTEM32\WINMM.dll
0x00007ffd71010000 - 0x00007ffd7107f000 	C:\Windows\System32\WS2_32.dll
0x00007ffd6ca20000 - 0x00007ffd6ca4d000 	C:\Windows\SYSTEM32\WINMMBASE.dll
0x00007ffd6f710000 - 0x00007ffd6f75a000 	C:\Windows\System32\cfgmgr32.dll
0x0000000062d00000 - 0x0000000062d0f000 	D:\devtool\jdk1.8\jre\bin\verify.dll
0x0000000062cd0000 - 0x0000000062cf8000 	D:\devtool\jdk1.8\jre\bin\java.dll
0x00000000636e0000 - 0x0000000063715000 	D:\devtool\jdk1.8\jre\bin\jdwp.dll
0x00000000636d0000 - 0x00000000636d8000 	D:\devtool\jdk1.8\jre\bin\npt.dll
0x00000000636a0000 - 0x00000000636c3000 	D:\devtool\jdk1.8\jre\bin\instrument.dll
0x0000000062cb0000 - 0x0000000062cc6000 	D:\devtool\jdk1.8\jre\bin\zip.dll
0x00007ffd6fe60000 - 0x00007ffd70545000 	C:\Windows\System32\SHELL32.dll
0x00007ffd6fdb0000 - 0x00007ffd6fe59000 	C:\Windows\System32\shcore.dll
0x00007ffd6ec00000 - 0x00007ffd6f380000 	C:\Windows\System32\windows.storage.dll
0x00007ffd6ea50000 - 0x00007ffd6ea73000 	C:\Windows\System32\profapi.dll
0x00007ffd6ea80000 - 0x00007ffd6eaca000 	C:\Windows\System32\powrprof.dll
0x00007ffd6ea00000 - 0x00007ffd6ea10000 	C:\Windows\System32\UMPDC.dll
0x00007ffd706a0000 - 0x00007ffd706f2000 	C:\Windows\System32\shlwapi.dll
0x00007ffd6ea30000 - 0x00007ffd6ea41000 	C:\Windows\System32\kernel.appcore.dll
0x00007ffd6ebe0000 - 0x00007ffd6ebf7000 	C:\Windows\System32\cryptsp.dll
0x0000000063690000 - 0x0000000063699000 	D:\devtool\jdk1.8\jre\bin\dt_socket.dll
0x00007ffd5f6d0000 - 0x00007ffd5f84a000 	C:\Program Files (x86)\Sangfor\SSL\ClientComponent\SangforTcpX64.dll
0x00007ffd70700000 - 0x00007ffd70857000 	C:\Windows\System32\ole32.dll
0x00007ffd71080000 - 0x00007ffd71144000 	C:\Windows\System32\OLEAUT32.dll
0x00007ffd6eb80000 - 0x00007ffd6ebdc000 	C:\Windows\System32\WINTRUST.dll
0x00007ffd6ea10000 - 0x00007ffd6ea22000 	C:\Windows\System32\MSASN1.dll
0x00007ffd6f760000 - 0x00007ffd6f8a9000 	C:\Windows\System32\CRYPT32.dll
0x00007ffd68e80000 - 0x00007ffd68e8a000 	C:\Windows\SYSTEM32\VERSION.dll
0x00007ffd6e270000 - 0x00007ffd6e2d7000 	C:\Windows\system32\mswsock.dll
0x00007ffd5dad0000 - 0x00007ffd5dcc4000 	C:\Windows\SYSTEM32\dbghelp.dll

VM Arguments:
jvm_args: -agentlib:jdwp=transport=dt_socket,address=127.0.0.1:59281,suspend=y,server=n -javaagent:D:\devtool\JetBrains\IntelliJIDEAU2018.1.2\lib\rt\debugger-agent.jar=file:/C:/Users/cmss-hong/AppData/Local/Temp/capture.props -Dfile.encoding=UTF-8 
java_command: com.hong.dom4jxml.ParseXml
java_class_path (initial): D:\devtool\jdk1.8\jre\lib\charsets.jar;D:\devtool\jdk1.8\jre\lib\deploy.jar;D:\devtool\jdk1.8\jre\lib\ext\access-bridge-64.jar;D:\devtool\jdk1.8\jre\lib\ext\cldrdata.jar;D:\devtool\jdk1.8\jre\lib\ext\dnsns.jar;D:\devtool\jdk1.8\jre\lib\ext\jaccess.jar;D:\devtool\jdk1.8\jre\lib\ext\jfxrt.jar;D:\devtool\jdk1.8\jre\lib\ext\localedata.jar;D:\devtool\jdk1.8\jre\lib\ext\nashorn.jar;D:\devtool\jdk1.8\jre\lib\ext\sunec.jar;D:\devtool\jdk1.8\jre\lib\ext\sunjce_provider.jar;D:\devtool\jdk1.8\jre\lib\ext\sunmscapi.jar;D:\devtool\jdk1.8\jre\lib\ext\sunpkcs11.jar;D:\devtool\jdk1.8\jre\lib\ext\zipfs.jar;D:\devtool\jdk1.8\jre\lib\javaws.jar;D:\devtool\jdk1.8\jre\lib\jce.jar;D:\devtool\jdk1.8\jre\lib\jfr.jar;D:\devtool\jdk1.8\jre\lib\jfxswt.jar;D:\devtool\jdk1.8\jre\lib\jsse.jar;D:\devtool\jdk1.8\jre\lib\management-agent.jar;D:\devtool\jdk1.8\jre\lib\plugin.jar;D:\devtool\jdk1.8\jre\lib\resources.jar;D:\devtool\jdk1.8\jre\lib\rt.jar;D:\workspace\github\JavaCornStudy\javaStudy\target\classes;D:\mvnRepository\org\projectlombok\lombok\1.16.10\lombok-1.16.10.jar;D:\mvnRepository\com\alibaba\fastjson\1.2.53\fastjson-1.2.53.jar;D:\mvnRepository\dom4j\dom4j\1.6.1\dom4j-1.6.1.jar;D:\mvnRepository\xml-apis\xml-apis\1.0.b2\xml-apis-1.0.b2.jar;D:\devtool\JetBrains\IntelliJIDEAU2018.1.2\lib\idea_rt.jar;D:\devtool\JetBrains\IntelliJIDEAU2018.1.2\lib\rt\debugger-agent.jar
Launcher Type: SUN_STANDARD

Environment Variables:
JAVA_HOME=D:\devtool\jdk1.8
CLASSPATH=.;D:\devtool\jdk1.8\lib\dt.jar;D:\devtool\jdk1.8\lib\tools.jar;
PATH=C:\Windows\system32;C:\Windows;C:\Windows\System32\Wbem;C:\Windows\System32\WindowsPowerShell\v1.0\;C:\Windows\System32\OpenSSH\;D:\devtool\jdk1.8\bin;D:\devtool\jdk1.8\jre\bin;D:\devtool\apache-maven-3.3.3\bin;D:\devtool\Git\cmd;D:\devtool\gradle-6.1\bin;D:\devtool\hadoop-2.7.7\bin;C:\Users\cmss-hong\AppData\Local\Microsoft\WindowsApps;;C:\Users\cmss-hong\AppData\Local\Programs\Microsoft VS Code\bin
USERNAME=cmss-hong
OS=Windows_NT
PROCESSOR_IDENTIFIER=Intel64 Family 6 Model 158 Stepping 10, GenuineIntel



---------------  S Y S T E M  ---------------

OS: Windows 8.1 , 64 bit Build 9600 

CPU:total 12 (6 cores per cpu, 2 threads per core) family 6 model 158 stepping 10, cmov, cx8, fxsr, mmx, sse, sse2, sse3, ssse3, sse4.1, sse4.2, popcnt, avx, avx2, aes, clmul, erms, rtm, lzcnt, ht, tsc, tscinvbit, bmi1, bmi2

Memory: 4k page, physical 33385392k(17879528k free), swap 69036976k(41320096k free)

vm_info: Java HotSpot(TM) 64-Bit Server VM (25.31-b07) for windows-amd64 JRE (1.8.0_31-b13), built on Dec 17 2014 21:00:28 by "java_re" with MS VC++ 10.0 (VS2010)

time: Wed Apr 29 15:29:52 2020
elapsed time: 416 seconds (0d 0h 6m 56s)

